<?xml version="1.0" encoding="UTF-8"?>
<!-- Generated by org.testng.reporters.JUnitReportReporter -->
<testsuite hostname="DESKTOP-LEU7772" failures="0" tests="1" name="TestCases.TC_indexPage" time="21.883" errors="0" timestamp="2022-12-24T15:24:12 IST" skipped="0">
  <testcase classname="TestCases.TC_indexPage" name="verifyRegistrationAndLogin" time="21.883"/>
  <system-out/>
</testsuite> <!-- TestCases.TC_indexPage -->
