<?xml version="1.0" encoding="UTF-8"?>
<!-- Generated by org.testng.reporters.JUnitReportReporter -->
<testsuite hostname="DESKTOP-LEU7772" failures="0" tests="1" name="TestCases.TC_indexPage" time="7.806" errors="0" timestamp="2022-12-24T16:13:13 IST" skipped="0">
  <testcase classname="TestCases.TC_indexPage" name="verifyRegistrationAndLogin" time="7.806"/>
  <system-out/>
</testsuite> <!-- TestCases.TC_indexPage -->
