<?xml version="1.0" encoding="UTF-8"?>
<!-- Generated by org.testng.reporters.JUnitReportReporter -->
<testsuite hostname="DESKTOP-LEU7772" failures="0" tests="2" name="TestCases.TC_001" time="18.549" errors="0" timestamp="2022-12-25T16:04:10 IST" skipped="0">
  <testcase classname="TestCases.TC_001" name="verifyRegistrationAndLogin" time="9.388"/>
  <system-out/>
  <testcase classname="TestCases.TC_001" name="VerifyLoginOfRegisteredCustomer" time="9.161"/>
  <system-out/>
</testsuite> <!-- TestCases.TC_001 -->
