<?xml version="1.0" encoding="UTF-8"?>
<!-- Generated by org.testng.reporters.JUnitReportReporter -->
<testsuite hostname="DESKTOP-LEU7772" failures="0" tests="1" name="TestCases.TC_RegisterPage" time="4.672" errors="0" timestamp="2022-12-24T10:50:17 IST" skipped="0">
  <testcase classname="TestCases.TC_RegisterPage" name="verifyRegistrationAndLogin" time="4.672"/>
  <system-out/>
</testsuite> <!-- TestCases.TC_RegisterPage -->
