<?xml version="1.0" encoding="UTF-8"?>
<!-- Generated by org.testng.reporters.JUnitReportReporter -->
<testsuite hostname="DESKTOP-LEU7772" failures="0" tests="2" name="TestCases.TC_indexPage" time="9.350" errors="0" timestamp="2022-12-25T11:07:33 IST" skipped="1">
  <testcase classname="TestCases.TC_indexPage" name="VerifyLoginOfRegisteredCustomer" time="9.350"/>
  <system-out/>
  <testcase classname="TestCases.TC_indexPage" name="verifyRegistrationAndLogin">
    <skipped/>
  </testcase> <!-- verifyRegistrationAndLogin -->
  <system-out/>
</testsuite> <!-- TestCases.TC_indexPage -->
