<?xml version="1.0" encoding="UTF-8"?>
<!-- Generated by org.testng.reporters.JUnitReportReporter -->
<testsuite hostname="DESKTOP-LEU7772" failures="0" tests="2" name="DataDrivenTesting.DataPrividerWithExcel2" time="11.628" errors="0" timestamp="2022-12-11T18:53:37 IST" skipped="0">
  <testcase classname="DataDrivenTesting.DataPrividerWithExcel2" name="searchKeyWord" time="5.438"/>
  <system-out/>
  <testcase classname="DataDrivenTesting.DataPrividerWithExcel2" name="searchKeyWord" time="6.190"/>
  <system-out/>
</testsuite> <!-- DataDrivenTesting.DataPrividerWithExcel2 -->
