<?xml version="1.0" encoding="UTF-8"?>
<!-- Generated by org.testng.reporters.JUnitReportReporter -->
<testsuite hostname="DESKTOP-LEU7772" failures="0" tests="1" name="orange.Orange" time="16.272" errors="0" timestamp="2023-01-28T18:57:22 IST" skipped="0">
  <testcase classname="orange.Orange" name="login" time="16.272"/>
  <system-out/>
</testsuite> <!-- orange.Orange -->
