<?xml version="1.0" encoding="UTF-8"?>
<!-- Generated by org.testng.reporters.JUnitReportReporter -->
<testsuite hostname="DESKTOP-LEU7772" failures="0" tests="2" name="Annotations.TestCase1" time="0.010" errors="0" timestamp="2022-11-22T21:24:34 IST" skipped="0">
  <testcase classname="Annotations.TestCase1" name="test2" time="0.002"/>
  <system-out/>
  <testcase classname="Annotations.TestCase1" name="test1" time="0.008"/>
  <system-out/>
</testsuite> <!-- Annotations.TestCase1 -->
