<?xml version="1.0" encoding="UTF-8"?>
<!-- Generated by org.testng.reporters.JUnitReportReporter -->
<testsuite hostname="DESKTOP-LEU7772" failures="0" tests="2" name="TestNG_XML_File.Current_Ac_tc001" time="0.012" errors="0" timestamp="2022-11-22T20:28:51 IST" skipped="0">
  <testcase classname="TestNG_XML_File.Current_Ac_tc001" name="test1" time="0.010"/>
  <system-out/>
  <testcase classname="TestNG_XML_File.Current_Ac_tc001" name="test2" time="0.002"/>
  <system-out/>
</testsuite> <!-- TestNG_XML_File.Current_Ac_tc001 -->
