<?xml version="1.0" encoding="UTF-8"?>
<!-- Generated by org.testng.reporters.JUnitReportReporter -->
<testsuite hostname="DESKTOP-LEU7772" failures="0" tests="2" name="enabled_disabled_regular_expression.LoanDepartment" time="0.010" errors="0" timestamp="2022-11-22T21:05:45 IST" skipped="0">
  <testcase classname="enabled_disabled_regular_expression.LoanDepartment" name="MobileLoginPersonalLoan" time="0.009"/>
  <system-out/>
  <testcase classname="enabled_disabled_regular_expression.LoanDepartment" name="MobileoginAutomobileLoan" time="0.001"/>
  <system-out/>
</testsuite> <!-- enabled_disabled_regular_expression.LoanDepartment -->
