<?xml version="1.0" encoding="UTF-8"?>
<!-- Generated by org.testng.reporters.JUnitReportReporter -->
<testsuite hostname="DESKTOP-LEU7772" failures="0" tests="3" name="CrossBrowserTesting.CrossBrowserDemo" time="17.562" errors="0" timestamp="2022-12-09T18:21:35 IST" skipped="0">
  <testcase classname="CrossBrowserTesting.CrossBrowserDemo" name="VerifyTitle" time="5.128"/>
  <system-out/>
  <testcase classname="CrossBrowserTesting.CrossBrowserDemo" name="VerifyTitle" time="5.173"/>
  <system-out/>
  <testcase classname="CrossBrowserTesting.CrossBrowserDemo" name="VerifyTitle" time="7.261"/>
  <system-out/>
</testsuite> <!-- CrossBrowserTesting.CrossBrowserDemo -->
