<?xml version="1.0" encoding="UTF-8"?>
<!-- Generated by org.testng.reporters.JUnitReportReporter -->
<testsuite hostname="DESKTOP-LEU7772" failures="0" tests="2" name="TestNG_XML_File.XML_file" time="0.010" errors="0" timestamp="2022-11-22T20:27:31 IST" skipped="0">
  <testcase classname="TestNG_XML_File.XML_file" name="test1" time="0.009"/>
  <system-out/>
  <testcase classname="TestNG_XML_File.XML_file" name="test2" time="0.001"/>
  <system-out/>
</testsuite> <!-- TestNG_XML_File.XML_file -->
