<?xml version="1.0" encoding="UTF-8"?>
<!-- Generated by org.testng.reporters.JUnitReportReporter -->
<testsuite hostname="DESKTOP-LEU7772" failures="0" tests="1" name="TESTNG_Reports.Reporter_Class" time="7.913" errors="0" timestamp="2022-12-11T22:13:27 IST" skipped="0">
  <testcase classname="TESTNG_Reports.Reporter_Class" name="googleSearch" time="7.913"/>
  <system-out>
    <![CDATA[Chrome browser opened........
google url opened.....
India gate keyword is entered.....
Enter key pressed...........
Closing browser........]]>
  </system-out>
</testsuite> <!-- TESTNG_Reports.Reporter_Class -->
