<?xml version="1.0" encoding="UTF-8"?>
<!-- Generated by org.testng.reporters.JUnitReportReporter -->
<testsuite hostname="DESKTOP-LEU7772" failures="0" tests="1" name="check_setup.SEtup" time="0.011" errors="0" timestamp="2022-12-02T21:45:11 IST" skipped="0">
  <testcase classname="check_setup.SEtup" name="MyProgramisRuningornot" time="0.011"/>
  <system-out/>
</testsuite> <!-- check_setup.SEtup -->
