<?xml version="1.0" encoding="UTF-8"?>
<!-- Generated by org.testng.reporters.JUnitReportReporter -->
<testsuite hostname="DESKTOP-LEU7772" failures="0" tests="1" name="check_setup.SEtup" time="0.012" errors="0" timestamp="2023-02-16T14:06:25 IST" skipped="0">
  <testcase classname="check_setup.SEtup" name="MyProgramisRuningornot" time="0.012"/>
  <system-out/>
</testsuite> <!-- check_setup.SEtup -->
