<?xml version="1.0" encoding="UTF-8"?>
<!-- Generated by org.testng.reporters.JUnitReportReporter -->
<testsuite hostname="DESKTOP-LEU7772" failures="0" tests="3" name="testng.First_TestNG" time="0.008" errors="0" timestamp="2022-11-12T18:33:54 IST" skipped="0">
  <testcase classname="testng.First_TestNG" name="account_Summary" time="0.006"/>
  <system-out/>
  <testcase classname="testng.First_TestNG" name="login_as_customer" time="0.001"/>
  <system-out/>
  <testcase classname="testng.First_TestNG" name="login_as_manager" time="0.001"/>
  <system-out/>
</testsuite> <!-- testng.First_TestNG -->
