<?xml version="1.0" encoding="UTF-8"?>
<!-- Generated by org.testng.reporters.JUnitReportReporter -->
<testsuite hostname="DESKTOP-LEU7772" failures="0" tests="2" name="testng.ThirdTest" time="0.012" errors="0" timestamp="2022-11-13T09:55:13 IST" skipped="0">
  <testcase classname="testng.ThirdTest" name="test_login" time="0.011"/>
  <system-out/>
  <testcase classname="testng.ThirdTest" name="test_logout" time="0.001"/>
  <system-out/>
</testsuite> <!-- testng.ThirdTest -->
