<?xml version="1.0" encoding="UTF-8"?>
<!-- Generated by org.testng.reporters.JUnitReportReporter -->
<testsuite hostname="DESKTOP-LEU7772" failures="0" tests="1" name="com.inetBanking.testcases.TC_LoginTest_001" time="2.443" errors="0" timestamp="2022-12-23T19:13:05 IST" skipped="0">
  <testcase classname="com.inetBanking.testcases.TC_LoginTest_001" name="loginTest" time="2.443"/>
  <system-out/>
</testsuite> <!-- com.inetBanking.testcases.TC_LoginTest_001 -->
